<?xml version="1.0" encoding="UTF-8"?>
<!-- Generated by org.testng.reporters.JUnitReportReporter -->
<testsuite hostname="Khushbu" failures="0" tests="1" name="apiTesting.PathAndQueryParam" time="1.391" errors="0" timestamp="2025-02-16T00:13:05 CET" skipped="0">
  <testcase classname="apiTesting.PathAndQueryParam" name="PathAndQuery" time="1.391"/>
</testsuite> <!-- apiTesting.PathAndQueryParam -->
