<?xml version="1.0" encoding="UTF-8"?>
<!-- Generated by org.testng.reporters.JUnitReportReporter -->
<testsuite hostname="Khushbu" failures="0" tests="3" name="apiTesting.HTTPGetRequest" time="2.851" errors="0" timestamp="2025-02-15T19:34:24 CET" skipped="0">
  <testcase classname="apiTesting.HTTPGetRequest" name="getUsers" time="1.530"/>
  <testcase classname="apiTesting.HTTPGetRequest" name="createUser" time="0.936"/>
  <testcase classname="apiTesting.HTTPGetRequest" name="updateUser" time="0.385"/>
</testsuite> <!-- apiTesting.HTTPGetRequest -->
