<?xml version="1.0" encoding="UTF-8"?>
<!-- Generated by org.testng.reporters.JUnitReportReporter -->
<testsuite hostname="Khushbu" failures="0" tests="1" name="apiTesting.HeadersDemo" time="1.327" errors="0" timestamp="2025-02-15T23:56:24 CET" skipped="0">
  <testcase classname="apiTesting.HeadersDemo" name="headersCheck" time="1.327"/>
</testsuite> <!-- apiTesting.HeadersDemo -->
